[2025-08-21T16:20:07.831+0700] {local_task_job_runner.py:120} INFO - ::group::Pre task execution logs
[2025-08-21T16:20:07.844+0700] {taskinstance.py:2076} INFO - Dependencies all met for dep_context=non-requeueable deps ti=<TaskInstance: extract_cnn.setup_db_services manual__2025-08-21T09:20:05.450857+00:00 [queued]>
[2025-08-21T16:20:07.848+0700] {taskinstance.py:2076} INFO - Dependencies all met for dep_context=requeueable deps ti=<TaskInstance: extract_cnn.setup_db_services manual__2025-08-21T09:20:05.450857+00:00 [queued]>
[2025-08-21T16:20:07.848+0700] {taskinstance.py:2306} INFO - Starting attempt 1 of 2
[2025-08-21T16:20:07.869+0700] {taskinstance.py:2330} INFO - Executing <Task(PythonOperator): setup_db_services> on 2025-08-21 09:20:05.450857+00:00
[2025-08-21T16:20:07.871+0700] {standard_task_runner.py:64} INFO - Started process 2451 to run task
[2025-08-21T16:20:07.876+0700] {standard_task_runner.py:90} INFO - Running: ['airflow', 'tasks', 'run', 'extract_cnn', 'setup_db_services', 'manual__2025-08-21T09:20:05.450857+00:00', '--job-id', '3', '--raw', '--subdir', 'DAGS_FOLDER/extract_cnn.py', '--cfg-path', '/tmp/tmp0kg4s26k']
[2025-08-21T16:20:07.878+0700] {standard_task_runner.py:91} INFO - Job 3: Subtask setup_db_services
[2025-08-21T16:20:07.927+0700] {task_command.py:426} INFO - Running <TaskInstance: extract_cnn.setup_db_services manual__2025-08-21T09:20:05.450857+00:00 [running]> on host DE-MIQBALPRATAMA.localdomain
[2025-08-21T16:20:07.999+0700] {taskinstance.py:2648} INFO - Exporting env vars: AIRFLOW_CTX_DAG_OWNER='iqbale' AIRFLOW_CTX_DAG_ID='extract_cnn' AIRFLOW_CTX_TASK_ID='setup_db_services' AIRFLOW_CTX_EXECUTION_DATE='2025-08-21T09:20:05.450857+00:00' AIRFLOW_CTX_TRY_NUMBER='1' AIRFLOW_CTX_DAG_RUN_ID='manual__2025-08-21T09:20:05.450857+00:00'
[2025-08-21T16:20:07.999+0700] {taskinstance.py:430} INFO - ::endgroup::
[2025-08-21T16:20:08.892+0700] {_transport.py:351} INFO - HEAD https://my-elasticsearch-project-b1572a.es.us-central1.gcp.elastic.cloud:443/news_index [status:200 duration:0.871s]
[2025-08-21T16:20:08.893+0700] {logging_mixin.py:188} INFO - Index 'news_index' already exists.
[2025-08-21T16:20:08.936+0700] {logging_mixin.py:188} INFO - PostgreSQL connection established.
[2025-08-21T16:20:08.953+0700] {logging_mixin.py:188} INFO - Table 'articles' and indexes created successfully.
[2025-08-21T16:20:08.953+0700] {logging_mixin.py:188} INFO - ✅ Database services setup completed.
[2025-08-21T16:20:08.954+0700] {python.py:237} INFO - Done. Returned value was: None
[2025-08-21T16:20:08.954+0700] {taskinstance.py:441} INFO - ::group::Post task execution logs
[2025-08-21T16:20:08.958+0700] {taskinstance.py:1206} INFO - Marking task as SUCCESS. dag_id=extract_cnn, task_id=setup_db_services, run_id=manual__2025-08-21T09:20:05.450857+00:00, execution_date=20250821T092005, start_date=20250821T092007, end_date=20250821T092008
[2025-08-21T16:20:09.018+0700] {local_task_job_runner.py:243} INFO - Task exited with return code 0
[2025-08-21T16:20:09.034+0700] {taskinstance.py:3503} INFO - 1 downstream tasks scheduled from follow-on schedule check
[2025-08-21T16:20:09.049+0700] {local_task_job_runner.py:222} INFO - ::endgroup::
