[2025-08-21T16:20:21.492+0700] {local_task_job_runner.py:120} INFO - ::group::Pre task execution logs
[2025-08-21T16:20:21.503+0700] {taskinstance.py:2076} INFO - Dependencies all met for dep_context=non-requeueable deps ti=<TaskInstance: extract_cnn.save_news_to_storage manual__2025-08-21T09:20:05.450857+00:00 [queued]>
[2025-08-21T16:20:21.508+0700] {taskinstance.py:2076} INFO - Dependencies all met for dep_context=requeueable deps ti=<TaskInstance: extract_cnn.save_news_to_storage manual__2025-08-21T09:20:05.450857+00:00 [queued]>
[2025-08-21T16:20:21.508+0700] {taskinstance.py:2306} INFO - Starting attempt 1 of 2
[2025-08-21T16:20:21.528+0700] {taskinstance.py:2330} INFO - Executing <Task(PythonOperator): save_news_to_storage> on 2025-08-21 09:20:05.450857+00:00
[2025-08-21T16:20:21.530+0700] {standard_task_runner.py:64} INFO - Started process 2462 to run task
[2025-08-21T16:20:21.533+0700] {standard_task_runner.py:90} INFO - Running: ['airflow', 'tasks', 'run', 'extract_cnn', 'save_news_to_storage', 'manual__2025-08-21T09:20:05.450857+00:00', '--job-id', '6', '--raw', '--subdir', 'DAGS_FOLDER/extract_cnn.py', '--cfg-path', '/tmp/tmpux1dwpta']
[2025-08-21T16:20:21.535+0700] {standard_task_runner.py:91} INFO - Job 6: Subtask save_news_to_storage
[2025-08-21T16:20:21.578+0700] {task_command.py:426} INFO - Running <TaskInstance: extract_cnn.save_news_to_storage manual__2025-08-21T09:20:05.450857+00:00 [running]> on host DE-MIQBALPRATAMA.localdomain
[2025-08-21T16:20:21.661+0700] {taskinstance.py:2648} INFO - Exporting env vars: AIRFLOW_CTX_DAG_OWNER='iqbale' AIRFLOW_CTX_DAG_ID='extract_cnn' AIRFLOW_CTX_TASK_ID='save_news_to_storage' AIRFLOW_CTX_EXECUTION_DATE='2025-08-21T09:20:05.450857+00:00' AIRFLOW_CTX_TRY_NUMBER='1' AIRFLOW_CTX_DAG_RUN_ID='manual__2025-08-21T09:20:05.450857+00:00'
[2025-08-21T16:20:21.661+0700] {taskinstance.py:430} INFO - ::endgroup::
[2025-08-21T16:20:22.803+0700] {_transport.py:351} INFO - PUT https://my-elasticsearch-project-b1572a.es.us-central1.gcp.elastic.cloud:443/news_index/_bulk?refresh=true [status:200 duration:1.117s]
[2025-08-21T16:20:22.804+0700] {logging_mixin.py:188} INFO - Successfully indexed 1 documents.
[2025-08-21T16:20:22.817+0700] {logging_mixin.py:188} INFO - PostgreSQL connection established.
[2025-08-21T16:20:23.120+0700] {logging_mixin.py:188} INFO - Successfully saved 100 news articles.
[2025-08-21T16:20:23.120+0700] {logging_mixin.py:188} INFO - ✅ Total articles saved to Elasticsearch: 1
[2025-08-21T16:20:23.120+0700] {logging_mixin.py:188} INFO - ✅ Total articles saved to PostgreSQL: 100
[2025-08-21T16:20:23.120+0700] {python.py:237} INFO - Done. Returned value was: None
[2025-08-21T16:20:23.121+0700] {taskinstance.py:441} INFO - ::group::Post task execution logs
[2025-08-21T16:20:23.125+0700] {taskinstance.py:1206} INFO - Marking task as SUCCESS. dag_id=extract_cnn, task_id=save_news_to_storage, run_id=manual__2025-08-21T09:20:05.450857+00:00, execution_date=20250821T092005, start_date=20250821T092021, end_date=20250821T092023
[2025-08-21T16:20:23.157+0700] {local_task_job_runner.py:243} INFO - Task exited with return code 0
[2025-08-21T16:20:23.169+0700] {taskinstance.py:3503} INFO - 0 downstream tasks scheduled from follow-on schedule check
[2025-08-21T16:20:23.170+0700] {local_task_job_runner.py:222} INFO - ::endgroup::
